<?xml version="1.0" encoding="UTF-8"?>
<!-- Generated by org.testng.reporters.JUnitReportReporter -->
<testsuite hostname="Kedr-PC" name="com.epam.Test.LoginTest" tests="1" failures="0" timestamp="15 Nov 2015 21:53:40 GMT" time="9.301" errors="0">
  <testcase name="authTest" time="9.301" classname="com.epam.Test.LoginTest"/>
</testsuite> <!-- com.epam.Test.LoginTest -->
