<?xml version="1.0" encoding="UTF-8"?>
<!-- Generated by org.testng.reporters.JUnitReportReporter -->
<testsuite hostname="Kedr-PC" name="com.epam.test.LogoutTest" tests="1" failures="0" timestamp="22 Nov 2015 22:54:50 GMT" time="13.560" errors="0">
  <testcase name="logout" time="13.560" classname="com.epam.test.LogoutTest"/>
</testsuite> <!-- com.epam.test.LogoutTest -->
