<?xml version="1.0" encoding="UTF-8"?>
<!-- Generated by org.testng.reporters.JUnitReportReporter -->
<testsuite hostname="Kedr-PC" name="com.epam.Test.LogoutTest" tests="1" failures="0" timestamp="15 Nov 2015 21:53:40 GMT" time="14.898" errors="0">
  <testcase name="logout" time="14.898" classname="com.epam.Test.LogoutTest"/>
</testsuite> <!-- com.epam.Test.LogoutTest -->
