<?xml version="1.0" encoding="UTF-8"?>
<!-- Generated by org.testng.reporters.JUnitReportReporter -->
<testsuite hostname="Kedr-PC" name="com.epam.Test.CreateAndSaveMessageTest" tests="4" failures="0" timestamp="15 Nov 2015 21:53:40 GMT" time="17.584" errors="0">
  <testcase name="checkDrafts" time="1.599" classname="com.epam.Test.CreateAndSaveMessageTest"/>
  <testcase name="saveMailTest" time="3.375" classname="com.epam.Test.CreateAndSaveMessageTest"/>
  <testcase name="saveMailTest" time="9.493" classname="com.epam.Test.CreateAndSaveMessageTest"/>
  <testcase name="checkDrafts" time="3.117" classname="com.epam.Test.CreateAndSaveMessageTest"/>
</testsuite> <!-- com.epam.Test.CreateAndSaveMessageTest -->
