<?xml version="1.0" encoding="UTF-8"?>
<!-- Generated by org.testng.reporters.JUnitReportReporter -->
<testsuite hostname="Kedr-PC" name="com.epam.test.LogoutTest" tests="1" failures="0" timestamp="22 Nov 2015 21:35:22 GMT" time="8.655" errors="0">
  <testcase name="logout" time="8.655" classname="com.epam.test.LogoutTest"/>
</testsuite> <!-- com.epam.test.LogoutTest -->
