<?xml version="1.0" encoding="UTF-8"?>
<!-- Generated by org.testng.reporters.JUnitReportReporter -->
<testsuite hostname="Kedr-PC" name="com.epam.test.LoginTest" tests="1" failures="0" timestamp="22 Nov 2015 21:37:23 GMT" time="9.161" errors="0">
  <testcase name="authTest" time="9.161" classname="com.epam.test.LoginTest"/>
</testsuite> <!-- com.epam.test.LoginTest -->
