<?xml version="1.0" encoding="UTF-8"?>
<!-- Generated by org.testng.reporters.JUnitReportReporter -->
<testsuite hostname="Kedr-PC" name="com.epam.test.CreateAndSendMessageTest" tests="4" failures="0" timestamp="22 Nov 2015 22:45:58 GMT" time="42.968" errors="0">
  <testcase name="sendMailTest" time="15.700" classname="com.epam.test.CreateAndSendMessageTest"/>
  <testcase name="checkSent" time="2.915" classname="com.epam.test.CreateAndSendMessageTest"/>
  <testcase name="checkSent" time="3.088" classname="com.epam.test.CreateAndSendMessageTest"/>
  <testcase name="sendMailTest" time="21.265" classname="com.epam.test.CreateAndSendMessageTest"/>
</testsuite> <!-- com.epam.test.CreateAndSendMessageTest -->
