<?xml version="1.0" encoding="UTF-8"?>
<!-- Generated by org.testng.reporters.JUnitReportReporter -->
<testsuite hostname="Kedr-PC" name="com.epam.Test.CreateAndSaveMessage" tests="4" failures="0" timestamp="15 Nov 2015 19:19:52 GMT" time="13.669" errors="0">
  <testcase name="checkDrafts" time="0.905" classname="com.epam.Test.CreateAndSaveMessage"/>
  <testcase name="saveMailTest" time="8.714" classname="com.epam.Test.CreateAndSaveMessage"/>
  <testcase name="saveMailTest" time="2.940" classname="com.epam.Test.CreateAndSaveMessage"/>
  <testcase name="checkDrafts" time="1.110" classname="com.epam.Test.CreateAndSaveMessage"/>
</testsuite> <!-- com.epam.Test.CreateAndSaveMessage -->
