<?xml version="1.0" encoding="UTF-8"?>
<!-- Generated by org.testng.reporters.JUnitReportReporter -->
<testsuite hostname="Kedr-PC" name="com.epam.Lab4.SeleniumWebDriver.Basics.AppTest" tests="1" failures="0" timestamp="15 Nov 2015 09:43:12 GMT" time="10.936" errors="0">
  <testcase name="authTest" time="10.936" classname="com.epam.Lab4.SeleniumWebDriver.Basics.AppTest"/>
</testsuite> <!-- com.epam.Lab4.SeleniumWebDriver.Basics.AppTest -->
