<?xml version="1.0" encoding="UTF-8"?>
<!-- Generated by org.testng.reporters.JUnitReportReporter -->
<testsuite hostname="Kedr-PC" name="com.epam.test.CreateAndSaveMessageTest" tests="4" failures="0" timestamp="22 Nov 2015 21:52:12 GMT" time="26.937" errors="0">
  <testcase name="saveMailTest" time="5.135" classname="com.epam.test.CreateAndSaveMessageTest"/>
  <testcase name="checkDrafts" time="3.528" classname="com.epam.test.CreateAndSaveMessageTest"/>
  <testcase name="checkDrafts" time="3.130" classname="com.epam.test.CreateAndSaveMessageTest"/>
  <testcase name="saveMailTest" time="15.144" classname="com.epam.test.CreateAndSaveMessageTest"/>
</testsuite> <!-- com.epam.test.CreateAndSaveMessageTest -->
