<?xml version="1.0" encoding="UTF-8"?>
<!-- Generated by org.testng.reporters.JUnitReportReporter -->
<testsuite hostname="Kedr-PC" name="com.epam.Test.CreateAndSaveMessageTest" tests="4" failures="0" timestamp="15 Nov 2015 21:45:18 GMT" time="23.022" errors="0">
  <testcase name="saveMailTest" time="4.189" classname="com.epam.Test.CreateAndSaveMessageTest"/>
  <testcase name="saveMailTest" time="13.662" classname="com.epam.Test.CreateAndSaveMessageTest"/>
  <testcase name="checkDrafts" time="3.168" classname="com.epam.Test.CreateAndSaveMessageTest"/>
  <testcase name="checkDrafts" time="2.003" classname="com.epam.Test.CreateAndSaveMessageTest"/>
</testsuite> <!-- com.epam.Test.CreateAndSaveMessageTest -->
